0 info it worked if it ends with ok
1 verbose cli [ '/usr/local/bin/node', '/usr/local/bin/npm', 'publish' ]
2 info using npm@2.15.8
3 info using node@v4.4.7
4 verbose publish [ '.' ]
5 silly cache add args [ '.', null ]
6 verbose cache add spec .
7 silly cache add parsed spec Result {
7 silly cache add   raw: '.',
7 silly cache add   scope: null,
7 silly cache add   name: null,
7 silly cache add   rawSpec: '.',
7 silly cache add   spec: '/Users/hwj/Documents/gitspace/webpack-dev-code-loader',
7 silly cache add   type: 'directory' }
8 verbose addLocalDirectory /Users/hwj/.npm/dev-code-loader/1.0.0/package.tgz not in flight; packing
9 verbose correctMkdir /Users/hwj/.npm correctMkdir not in flight; initializing
10 verbose tar pack [ '/Users/hwj/.npm/dev-code-loader/1.0.0/package.tgz',
10 verbose tar pack   '/Users/hwj/Documents/gitspace/webpack-dev-code-loader' ]
11 verbose tarball /Users/hwj/.npm/dev-code-loader/1.0.0/package.tgz
12 verbose folder /Users/hwj/Documents/gitspace/webpack-dev-code-loader
13 info prepublish dev-code-loader@1.0.0
14 warn cannot run in wd dev-code-loader@1.0.0 npm run build (wd=/Users/hwj/Documents/gitspace/webpack-dev-code-loader)
15 verbose addLocalTarball adding from inside cache /Users/hwj/.npm/dev-code-loader/1.0.0/package.tgz
16 verbose correctMkdir /Users/hwj/.npm correctMkdir not in flight; initializing
17 silly cache afterAdd dev-code-loader@1.0.0
18 verbose afterAdd /Users/hwj/.npm/dev-code-loader/1.0.0/package/package.json not in flight; writing
19 verbose correctMkdir /Users/hwj/.npm correctMkdir not in flight; initializing
20 verbose afterAdd /Users/hwj/.npm/dev-code-loader/1.0.0/package/package.json written
21 silly publish { name: 'dev-code-loader',
21 silly publish   version: '1.0.0',
21 silly publish   description: 'webpack dev mock loader',
21 silly publish   main: './dist/main.js',
21 silly publish   scripts:
21 silly publish    { build: 'babel src --presets babel-preset-es2015 --out-dir dist',
21 silly publish      prepublish: 'npm run build' },
21 silly publish   repository:
21 silly publish    { type: 'git',
21 silly publish      url: 'git+https://github.com/milan-hwj/webpack-dev-code-loader.git' },
21 silly publish   keywords: [ 'mock', 'loader', 'webpack' ],
21 silly publish   author: { name: 'milan-hwj' },
21 silly publish   license: 'MIT',
21 silly publish   bugs: { url: 'https://github.com/milan-hwj/webpack-dev-code-loader/issues' },
21 silly publish   dependencies: {},
21 silly publish   homepage: 'https://github.com/milan-hwj/webpack-dev-code-loader',
21 silly publish   devDependencies:
21 silly publish    { babel: '~6.1.18',
21 silly publish      'babel-core': '~6.1.19',
21 silly publish      'babel-loader': '~6.1.0',
21 silly publish      'babel-plugin-antd': '^0.4.0',
21 silly publish      'babel-plugin-transform-runtime': '^6.1.18',
21 silly publish      'babel-polyfill': '^6.2.0',
21 silly publish      'babel-preset-es2015': '^6.9.0',
21 silly publish      'babel-preset-react': '~6.1.18',
21 silly publish      'babel-preset-stage-0': '^6.1.18',
21 silly publish      'babel-runtime': '^6.2.0',
21 silly publish      'extract-text-webpack-plugin': '^0.9.1',
21 silly publish      'babel-cli': '^6.10.1' },
21 silly publish   readmeFilename: 'README.md',
21 silly publish   readme: '# dev-code-loader\n### Write the development code in a commented manner  \n\n## Usage\n---\n### Step 1:Install\n```javascript\nnpm install dev-code-loader --save\n```\n\n### Step 2: config webpack.config.js\n```javascript\nvar devCodeLoader = require(\'dev-code-loader\');\n...\nresolveLoader: {\n    alias: {\n        \'devMock\': path.resolve(\'xxx\')\n    }\n}\n...\nloaders: [\n    {\n        test: /\\.js$/,\n        loader: \'other-loader!devMock\'\n    }\n]\n```\nThen joy your life.\n\n\n## Examples\n```javascript\n[source code]  \n// devCode const a = 1;\nconst a = 2;\n\n[Compile code]\nconst a = 1;\n```\n\n```javascript\n[source code]\n// devCode\nconst a = 2;\nconst b = 1;\n\n[Compile code]\nconst b = 1;\n```\n\n# License\n[MIT License](https://raw.githubusercontent.com/milan-hwj/webpack-dev-code-loader/master/LICENSE)\n\n',
21 silly publish   gitHead: '511113b7ae9ca96081d8e072c55034c578fb6e54',
21 silly publish   _id: 'dev-code-loader@1.0.0',
21 silly publish   _shasum: '31a7125492a8c11a1901b0d788c5efaf81546e35',
21 silly publish   _from: '.' }
22 verbose getPublishConfig undefined
23 silly mapToRegistry name dev-code-loader
24 silly mapToRegistry using default registry
25 silly mapToRegistry registry https://registry.npmjs.org/
26 silly mapToRegistry data Result {
26 silly mapToRegistry   raw: 'dev-code-loader',
26 silly mapToRegistry   scope: null,
26 silly mapToRegistry   name: 'dev-code-loader',
26 silly mapToRegistry   rawSpec: '',
26 silly mapToRegistry   spec: 'latest',
26 silly mapToRegistry   type: 'tag' }
27 silly mapToRegistry uri https://registry.npmjs.org/dev-code-loader
28 verbose publish registryBase https://registry.npmjs.org/
29 silly publish uploading /Users/hwj/.npm/dev-code-loader/1.0.0/package.tgz
30 verbose request uri https://registry.npmjs.org/dev-code-loader
31 verbose request sending authorization for write operation
32 info attempt registry request try #1 at 08:30:09
33 verbose request using bearer token for auth
34 verbose request id 81a7d97e45595b9a
35 http request PUT https://registry.npmjs.org/dev-code-loader
36 http 403 https://registry.npmjs.org/dev-code-loader
37 verbose headers { 'content-type': 'application/json',
37 verbose headers   'cache-control': 'max-age=300',
37 verbose headers   'content-length': '104',
37 verbose headers   'accept-ranges': 'bytes',
37 verbose headers   date: 'Wed, 30 Aug 2017 00:30:10 GMT',
37 verbose headers   via: '1.1 varnish',
37 verbose headers   connection: 'keep-alive',
37 verbose headers   'x-served-by': 'cache-nrt6130-NRT',
37 verbose headers   'x-cache': 'MISS',
37 verbose headers   'x-cache-hits': '0',
37 verbose headers   'x-timer': 'S1504053010.467316,VS0,VE225',
37 verbose headers   vary: 'Accept-Encoding, Accept' }
38 verbose request invalidating /Users/hwj/.npm/registry.npmjs.org/dev-code-loader on PUT
39 error publish Failed PUT 403
40 verbose stack Error: you must verify your email before publishing a new package: https://www.npmjs.com/email-edit : dev-code-loader
40 verbose stack     at makeError (/usr/local/lib/node_modules/npm/node_modules/npm-registry-client/lib/request.js:264:12)
40 verbose stack     at CachingRegistryClient.<anonymous> (/usr/local/lib/node_modules/npm/node_modules/npm-registry-client/lib/request.js:252:14)
40 verbose stack     at Request._callback (/usr/local/lib/node_modules/npm/node_modules/npm-registry-client/lib/request.js:172:14)
40 verbose stack     at Request.self.callback (/usr/local/lib/node_modules/npm/node_modules/request/request.js:200:22)
40 verbose stack     at emitTwo (events.js:87:13)
40 verbose stack     at Request.emit (events.js:172:7)
40 verbose stack     at Request.<anonymous> (/usr/local/lib/node_modules/npm/node_modules/request/request.js:1067:10)
40 verbose stack     at emitOne (events.js:82:20)
40 verbose stack     at Request.emit (events.js:169:7)
40 verbose stack     at IncomingMessage.<anonymous> (/usr/local/lib/node_modules/npm/node_modules/request/request.js:988:12)
41 verbose statusCode 403
42 verbose pkgid dev-code-loader
43 verbose cwd /Users/hwj/Documents/gitspace/webpack-dev-code-loader
44 error Darwin 15.5.0
45 error argv "/usr/local/bin/node" "/usr/local/bin/npm" "publish"
46 error node v4.4.7
47 error npm  v2.15.8
48 error code E403
49 error you must verify your email before publishing a new package: https://www.npmjs.com/email-edit : dev-code-loader
50 error If you need help, you may report this error at:
50 error     <https://github.com/npm/npm/issues>
51 verbose exit [ 1, true ]
